# JRE version: OpenJDK Runtime Environment Microsoft-33154 (17.0.3+7) (build 17.0.3+7-LTS)
# Java VM: OpenJDK 64-Bit Server VM Microsoft-33154 (17.0.3+7-LTS, mixed mode, tiered, compressed oops, compressed class ptrs, g1 gc, bsd-aarch64)
GC Precious Log:
 CPUs: 8 total, 8 available
 Memory: 8192M
 Large Page Support: Disabled
 NUMA Support: Disabled
 Compressed Oops: Enabled (Zero based)
 Heap Region Size: 32M
 Heap Min Capacity: 32M
 Heap Initial Capacity: 128M
 Heap Max Capacity: 2G
 Pre-touch: Disabled
 Parallel Workers: 8
 Concurrent Workers: 2
 Concurrent Refinement Workers: 8
 Periodic GC: Disabled
Heap:
 garbage-first heap   total 2097152K, used 1596781K [0x0000000780000000, 0x0000000800000000)
  region size 32768K, 8 young (262144K), 1 survivors (32768K)
 Metaspace       used 118173K, committed 119168K, reserved 1155072K
  class space    used 15707K, committed 16192K, reserved 1048576K
GC Heap History (20 events):
Event: 687.011 GC heap before
{Heap before GC invocations=654 (full 0):
 garbage-first heap   total 2097152K, used 1613473K [0x0000000780000000, 0x0000000800000000)
  region size 32768K, 12 young (393216K), 2 survivors (65536K)
 Metaspace       used 118006K, committed 119104K, reserved 1155072K
  class space    used 15698K, committed 16192K, reserved 1048576K
}
Event: 687.102 GC heap after
{Heap after GC invocations=655 (full 0):
 garbage-first heap   total 2097152K, used 1304344K [0x0000000780000000, 0x0000000800000000)
  region size 32768K, 1 young (32768K), 1 survivors (32768K)
 Metaspace       used 118006K, committed 119104K, reserved 1155072K
  class space    used 15698K, committed 16192K, reserved 1048576K
}
Event: 688.408 GC heap before
{Heap before GC invocations=655 (full 0):
 garbage-first heap   total 2097152K, used 1664792K [0x0000000780000000, 0x0000000800000000)
  region size 32768K, 12 young (393216K), 1 survivors (32768K)
 Metaspace       used 118011K, committed 119104K, reserved 1155072K
  class space    used 15698K, committed 16192K, reserved 1048576K
}
Event: 688.492 GC heap after
{Heap after GC invocations=656 (full 0):
 garbage-first heap   total 2097152K, used 1330642K [0x0000000780000000, 0x0000000800000000)
  region size 32768K, 2 young (65536K), 2 survivors (65536K)
 Metaspace       used 118011K, committed 119104K, reserved 1155072K
  class space    used 15698K, committed 16192K, reserved 1048576K
}
Event: 688.811 GC heap before
{Heap before GC invocations=656 (full 0):
 garbage-first heap   total 2097152K, used 1822162K [0x0000000780000000, 0x0000000800000000)
  region size 32768K, 12 young (393216K), 2 survivors (65536K)
 Metaspace       used 118012K, committed 119104K, reserved 1155072K
  class space    used 15699K, committed 16192K, reserved 1048576K
}
Event: 688.926 GC heap after
{Heap after GC invocations=657 (full 0):
 garbage-first heap   total 2097152K, used 1263746K [0x0000000780000000, 0x0000000800000000)
  region size 32768K, 2 young (65536K), 2 survivors (65536K)
 Metaspace       used 118012K, committed 119104K, reserved 1155072K
  class space    used 15699K, committed 16192K, reserved 1048576K
}
Event: 689.487 GC heap before
{Heap before GC invocations=657 (full 0):
 garbage-first heap   total 2097152K, used 1624194K [0x0000000780000000, 0x0000000800000000)
  region size 32768K, 12 young (393216K), 2 survivors (65536K)
 Metaspace       used 118039K, committed 119104K, reserved 1155072K
  class space    used 15700K, committed 16192K, reserved 1048576K
}
Event: 689.538 GC heap after
{Heap after GC invocations=658 (full 0):
 garbage-first heap   total 2097152K, used 1321228K [0x0000000780000000, 0x0000000800000000)
  region size 32768K, 2 young (65536K), 2 survivors (65536K)
 Metaspace       used 118039K, committed 119104K, reserved 1155072K
  class space    used 15700K, committed 16192K, reserved 1048576K
}
Event: 689.965 GC heap before
{Heap before GC invocations=658 (full 0):
 garbage-first heap   total 2097152K, used 1616140K [0x0000000780000000, 0x0000000800000000)
  region size 32768K, 12 young (393216K), 2 survivors (65536K)
 Metaspace       used 118047K, committed 119104K, reserved 1155072K
  class space    used 15700K, committed 16192K, reserved 1048576K
}
Event: 690.009 GC heap after
{Heap after GC invocations=659 (full 0):
 garbage-first heap   total 2097152K, used 1337156K [0x0000000780000000, 0x0000000800000000)
  region size 32768K, 1 young (32768K), 1 survivors (32768K)
 Metaspace       used 118047K, committed 119104K, reserved 1155072K
  class space    used 15700K, committed 16192K, reserved 1048576K
}
Event: 690.465 GC heap before
{Heap before GC invocations=659 (full 0):
 garbage-first heap   total 2097152K, used 1697604K [0x0000000780000000, 0x0000000800000000)
  region size 32768K, 12 young (393216K), 1 survivors (32768K)
 Metaspace       used 118049K, committed 119104K, reserved 1155072K
  class space    used 15700K, committed 16192K, reserved 1048576K
}
Event: 690.487 GC heap after
{Heap after GC invocations=660 (full 0):
 garbage-first heap   total 2097152K, used 1353972K [0x0000000780000000, 0x0000000800000000)
  region size 32768K, 2 young (65536K), 2 survivors (65536K)
 Metaspace       used 118049K, committed 119104K, reserved 1155072K
  class space    used 15700K, committed 16192K, reserved 1048576K
}
Event: 690.808 GC heap before
{Heap before GC invocations=660 (full 0):
 garbage-first heap   total 2097152K, used 1681652K [0x0000000780000000, 0x0000000800000000)
  region size 32768K, 12 young (393216K), 2 survivors (65536K)
 Metaspace       used 118056K, committed 119104K, reserved 1155072K
  class space    used 15700K, committed 16192K, reserved 1048576K
}
Event: 690.833 GC heap after
{Heap after GC invocations=661 (full 0):
 garbage-first heap   total 2097152K, used 1368569K [0x0000000780000000, 0x0000000800000000)
  region size 32768K, 2 young (65536K), 2 survivors (65536K)
 Metaspace       used 118056K, committed 119104K, reserved 1155072K
  class space    used 15700K, committed 16192K, reserved 1048576K
}
Event: 691.974 GC heap before
{Heap before GC invocations=661 (full 0):
 garbage-first heap   total 2097152K, used 1663481K [0x0000000780000000, 0x0000000800000000)
  region size 32768K, 12 young (393216K), 2 survivors (65536K)
 Metaspace       used 118074K, committed 119104K, reserved 1155072K
  class space    used 15702K, committed 16192K, reserved 1048576K
}
Event: 692.017 GC heap after
{Heap after GC invocations=662 (full 0):
 garbage-first heap   total 2097152K, used 1333448K [0x0000000780000000, 0x0000000800000000)
  region size 32768K, 1 young (32768K), 1 survivors (32768K)
 Metaspace       used 118074K, committed 119104K, reserved 1155072K
  class space    used 15702K, committed 16192K, reserved 1048576K
}
Event: 692.708 GC heap before
{Heap before GC invocations=663 (full 0):
 garbage-first heap   total 2097152K, used 1693896K [0x0000000780000000, 0x0000000800000000)
  region size 32768K, 12 young (393216K), 1 survivors (32768K)
 Metaspace       used 118098K, committed 119104K, reserved 1155072K
  class space    used 15704K, committed 16192K, reserved 1048576K
}
Event: 692.748 GC heap after
{Heap after GC invocations=664 (full 0):
 garbage-first heap   total 2097152K, used 1425053K [0x0000000780000000, 0x0000000800000000)
  region size 32768K, 2 young (65536K), 2 survivors (65536K)
 Metaspace       used 118098K, committed 119104K, reserved 1155072K
  class space    used 15704K, committed 16192K, reserved 1048576K
}
Event: 693.141 GC heap before
{Heap before GC invocations=664 (full 0):
 garbage-first heap   total 2097152K, used 1883805K [0x0000000780000000, 0x0000000800000000)
  region size 32768K, 10 young (327680K), 2 survivors (65536K)
 Metaspace       used 118144K, committed 119104K, reserved 1155072K
  class space    used 15704K, committed 16192K, reserved 1048576K
}
Event: 693.167 GC heap after
{Heap after GC invocations=665 (full 0):
 garbage-first heap   total 2097152K, used 1334637K [0x0000000780000000, 0x0000000800000000)
  region size 32768K, 1 young (32768K), 1 survivors (32768K)
 Metaspace       used 118144K, committed 119104K, reserved 1155072K
  class space    used 15704K, committed 16192K, reserved 1048576K
}

