# JRE version: OpenJDK Runtime Environment Microsoft-33154 (17.0.3+7) (build 17.0.3+7-LTS)
# Java VM: OpenJDK 64-Bit Server VM Microsoft-33154 (17.0.3+7-LTS, mixed mode, tiered, compressed oops, compressed class ptrs, g1 gc, bsd-aarch64)
GC Precious Log:
 CPUs: 8 total, 8 available
 Memory: 8192M
 Large Page Support: Disabled
 NUMA Support: Disabled
 Compressed Oops: Enabled (Zero based)
 Heap Region Size: 32M
 Heap Min Capacity: 32M
 Heap Initial Capacity: 128M
 Heap Max Capacity: 2G
 Pre-touch: Disabled
 Parallel Workers: 8
 Concurrent Workers: 2
 Concurrent Refinement Workers: 8
 Periodic GC: Disabled
Heap:
 garbage-first heap   total 2031616K, used 1283029K [0x0000000780000000, 0x0000000800000000)
  region size 32768K, 15 young (491520K), 3 survivors (98304K)
 Metaspace       used 121966K, committed 123136K, reserved 1155072K
  class space    used 16946K, committed 17472K, reserved 1048576K
GC Heap History (20 events):
Event: 46.904 GC heap before
{Heap before GC invocations=273 (full 0):
 garbage-first heap   total 1867776K, used 1365949K [0x0000000780000000, 0x0000000800000000)
  region size 32768K, 17 young (557056K), 2 survivors (65536K)
 Metaspace       used 108075K, committed 109184K, reserved 1146880K
  class space    used 15109K, committed 15616K, reserved 1048576K
}
Event: 46.915 GC heap after
{Heap after GC invocations=274 (full 0):
 garbage-first heap   total 1867776K, used 882359K [0x0000000780000000, 0x0000000800000000)
  region size 32768K, 2 young (65536K), 2 survivors (65536K)
 Metaspace       used 108075K, committed 109184K, reserved 1146880K
  class space    used 15109K, committed 15616K, reserved 1048576K
}
Event: 47.574 GC heap before
{Heap before GC invocations=275 (full 0):
 garbage-first heap   total 2031616K, used 1373879K [0x0000000780000000, 0x0000000800000000)
  region size 32768K, 17 young (557056K), 2 survivors (65536K)
 Metaspace       used 108101K, committed 109184K, reserved 1146880K
  class space    used 15109K, committed 15616K, reserved 1048576K
}
Event: 47.586 GC heap after
{Heap after GC invocations=276 (full 0):
 garbage-first heap   total 2031616K, used 890038K [0x0000000780000000, 0x0000000800000000)
  region size 32768K, 2 young (65536K), 2 survivors (65536K)
 Metaspace       used 108101K, committed 109184K, reserved 1146880K
  class space    used 15109K, committed 15616K, reserved 1048576K
}
Event: 47.945 GC heap before
{Heap before GC invocations=276 (full 0):
 garbage-first heap   total 2031616K, used 1217718K [0x0000000780000000, 0x0000000800000000)
  region size 32768K, 12 young (393216K), 2 survivors (65536K)
 Metaspace       used 108112K, committed 109184K, reserved 1146880K
  class space    used 15109K, committed 15616K, reserved 1048576K
}
Event: 47.979 GC heap after
{Heap after GC invocations=277 (full 0):
 garbage-first heap   total 2031616K, used 793369K [0x0000000780000000, 0x0000000800000000)
  region size 32768K, 2 young (65536K), 2 survivors (65536K)
 Metaspace       used 108112K, committed 109184K, reserved 1146880K
  class space    used 15109K, committed 15616K, reserved 1048576K
}
Event: 48.716 GC heap before
{Heap before GC invocations=277 (full 0):
 garbage-first heap   total 2031616K, used 1514265K [0x0000000780000000, 0x0000000800000000)
  region size 32768K, 24 young (786432K), 2 survivors (65536K)
 Metaspace       used 108141K, committed 109248K, reserved 1146880K
  class space    used 15111K, committed 15616K, reserved 1048576K
}
Event: 48.739 GC heap after
{Heap after GC invocations=278 (full 0):
 garbage-first heap   total 2031616K, used 803531K [0x0000000780000000, 0x0000000800000000)
  region size 32768K, 2 young (65536K), 2 survivors (65536K)
 Metaspace       used 108141K, committed 109248K, reserved 1146880K
  class space    used 15111K, committed 15616K, reserved 1048576K
}
Event: 49.484 GC heap before
{Heap before GC invocations=278 (full 0):
 garbage-first heap   total 2031616K, used 1524427K [0x0000000780000000, 0x0000000800000000)
  region size 32768K, 24 young (786432K), 2 survivors (65536K)
 Metaspace       used 108185K, committed 109248K, reserved 1146880K
  class space    used 15115K, committed 15616K, reserved 1048576K
}
Event: 49.495 GC heap after
{Heap after GC invocations=279 (full 0):
 garbage-first heap   total 2031616K, used 818501K [0x0000000780000000, 0x0000000800000000)
  region size 32768K, 2 young (65536K), 2 survivors (65536K)
 Metaspace       used 108185K, committed 109248K, reserved 1146880K
  class space    used 15115K, committed 15616K, reserved 1048576K
}
Event: 50.223 GC heap before
{Heap before GC invocations=279 (full 0):
 garbage-first heap   total 2031616K, used 1506629K [0x0000000780000000, 0x0000000800000000)
  region size 32768K, 23 young (753664K), 2 survivors (65536K)
 Metaspace       used 108206K, committed 109248K, reserved 1146880K
  class space    used 15115K, committed 15616K, reserved 1048576K
}
Event: 50.238 GC heap after
{Heap after GC invocations=280 (full 0):
 garbage-first heap   total 2031616K, used 831080K [0x0000000780000000, 0x0000000800000000)
  region size 32768K, 2 young (65536K), 2 survivors (65536K)
 Metaspace       used 108206K, committed 109248K, reserved 1146880K
  class space    used 15115K, committed 15616K, reserved 1048576K
}
Event: 50.909 GC heap before
{Heap before GC invocations=280 (full 0):
 garbage-first heap   total 2031616K, used 1519208K [0x0000000780000000, 0x0000000800000000)
  region size 32768K, 23 young (753664K), 2 survivors (65536K)
 Metaspace       used 108242K, committed 109312K, reserved 1146880K
  class space    used 15115K, committed 15616K, reserved 1048576K
}
Event: 50.921 GC heap after
{Heap after GC invocations=281 (full 0):
 garbage-first heap   total 2031616K, used 844277K [0x0000000780000000, 0x0000000800000000)
  region size 32768K, 2 young (65536K), 2 survivors (65536K)
 Metaspace       used 108242K, committed 109312K, reserved 1146880K
  class space    used 15115K, committed 15616K, reserved 1048576K
}
Event: 51.757 GC heap before
{Heap before GC invocations=281 (full 0):
 garbage-first heap   total 2031616K, used 1499637K [0x0000000780000000, 0x0000000800000000)
  region size 32768K, 23 young (753664K), 2 survivors (65536K)
 Metaspace       used 115145K, committed 116160K, reserved 1155072K
  class space    used 16127K, committed 16576K, reserved 1048576K
}
Event: 51.772 GC heap after
{Heap after GC invocations=282 (full 0):
 garbage-first heap   total 2031616K, used 879535K [0x0000000780000000, 0x0000000800000000)
  region size 32768K, 3 young (98304K), 3 survivors (98304K)
 Metaspace       used 115145K, committed 116160K, reserved 1155072K
  class space    used 16127K, committed 16576K, reserved 1048576K
}
Event: 52.195 GC heap before
{Heap before GC invocations=282 (full 0):
 garbage-first heap   total 2031616K, used 1469359K [0x0000000780000000, 0x0000000800000000)
  region size 32768K, 21 young (688128K), 3 survivors (98304K)
 Metaspace       used 117976K, committed 119040K, reserved 1155072K
  class space    used 16466K, committed 16960K, reserved 1048576K
}
Event: 52.220 GC heap after
{Heap after GC invocations=283 (full 0):
 garbage-first heap   total 2031616K, used 930410K [0x0000000780000000, 0x0000000800000000)
  region size 32768K, 3 young (98304K), 3 survivors (98304K)
 Metaspace       used 117976K, committed 119040K, reserved 1155072K
  class space    used 16466K, committed 16960K, reserved 1048576K
}
Event: 52.713 GC heap before
{Heap before GC invocations=283 (full 0):
 garbage-first heap   total 2031616K, used 1487466K [0x0000000780000000, 0x0000000800000000)
  region size 32768K, 20 young (655360K), 3 survivors (98304K)
 Metaspace       used 120479K, committed 121600K, reserved 1155072K
  class space    used 16752K, committed 17280K, reserved 1048576K
}
Event: 52.739 GC heap after
{Heap after GC invocations=284 (full 0):
 garbage-first heap   total 2031616K, used 955349K [0x0000000780000000, 0x0000000800000000)
  region size 32768K, 3 young (98304K), 3 survivors (98304K)
 Metaspace       used 120479K, committed 121600K, reserved 1155072K
  class space    used 16752K, committed 17280K, reserved 1048576K
}

