# JRE version: OpenJDK Runtime Environment Microsoft-33154 (17.0.3+7) (build 17.0.3+7-LTS)
# Java VM: OpenJDK 64-Bit Server VM Microsoft-33154 (17.0.3+7-LTS, mixed mode, tiered, compressed oops, compressed class ptrs, g1 gc, bsd-aarch64)
GC Precious Log:
 CPUs: 8 total, 8 available
 Memory: 8192M
 Large Page Support: Disabled
 NUMA Support: Disabled
 Compressed Oops: Enabled (Zero based)
 Heap Region Size: 32M
 Heap Min Capacity: 32M
 Heap Initial Capacity: 128M
 Heap Max Capacity: 2G
 Pre-touch: Disabled
 Parallel Workers: 8
 Concurrent Workers: 2
 Concurrent Refinement Workers: 8
 Periodic GC: Disabled
Heap:
 garbage-first heap   total 2097152K, used 1003286K [0x0000000780000000, 0x0000000800000000)
  region size 32768K, 3 young (98304K), 2 survivors (65536K)
 Metaspace       used 124367K, committed 125632K, reserved 1163264K
  class space    used 16997K, committed 17600K, reserved 1048576K
GC Heap History (20 events):
Event: 47.569 GC heap before
{Heap before GC invocations=309 (full 0):
 garbage-first heap   total 2097152K, used 1470939K [0x0000000780000000, 0x0000000800000000)
  region size 32768K, 18 young (589824K), 1 survivors (32768K)
 Metaspace       used 123415K, committed 124672K, reserved 1163264K
  class space    used 16955K, committed 17536K, reserved 1048576K
}
Event: 47.575 GC heap after
{Heap after GC invocations=310 (full 0):
 garbage-first heap   total 2097152K, used 950785K [0x0000000780000000, 0x0000000800000000)
  region size 32768K, 1 young (32768K), 1 survivors (32768K)
 Metaspace       used 123415K, committed 124672K, reserved 1163264K
  class space    used 16955K, committed 17536K, reserved 1048576K
}
Event: 47.950 GC heap before
{Heap before GC invocations=311 (full 0):
 garbage-first heap   total 2097152K, used 1540609K [0x0000000780000000, 0x0000000800000000)
  region size 32768K, 19 young (622592K), 1 survivors (32768K)
 Metaspace       used 123492K, committed 124736K, reserved 1163264K
  class space    used 16956K, committed 17536K, reserved 1048576K
}
Event: 47.964 GC heap after
{Heap after GC invocations=312 (full 0):
 garbage-first heap   total 2097152K, used 958334K [0x0000000780000000, 0x0000000800000000)
  region size 32768K, 2 young (65536K), 2 survivors (65536K)
 Metaspace       used 123492K, committed 124736K, reserved 1163264K
  class space    used 16956K, committed 17536K, reserved 1048576K
}
Event: 48.124 GC heap before
{Heap before GC invocations=312 (full 0):
 garbage-first heap   total 2097152K, used 1286014K [0x0000000780000000, 0x0000000800000000)
  region size 32768K, 12 young (393216K), 2 survivors (65536K)
 Metaspace       used 123574K, committed 124800K, reserved 1163264K
  class space    used 16960K, committed 17536K, reserved 1048576K
}
Event: 48.150 GC heap after
{Heap after GC invocations=313 (full 0):
 garbage-first heap   total 2097152K, used 886569K [0x0000000780000000, 0x0000000800000000)
  region size 32768K, 2 young (65536K), 2 survivors (65536K)
 Metaspace       used 123574K, committed 124800K, reserved 1163264K
  class space    used 16960K, committed 17536K, reserved 1048576K
}
Event: 48.479 GC heap before
{Heap before GC invocations=313 (full 0):
 garbage-first heap   total 2097152K, used 1541929K [0x0000000780000000, 0x0000000800000000)
  region size 32768K, 21 young (688128K), 2 survivors (65536K)
 Metaspace       used 123924K, committed 125184K, reserved 1163264K
  class space    used 16993K, committed 17600K, reserved 1048576K
}
Event: 48.508 GC heap after
{Heap after GC invocations=314 (full 0):
 garbage-first heap   total 2097152K, used 958736K [0x0000000780000000, 0x0000000800000000)
  region size 32768K, 3 young (98304K), 3 survivors (98304K)
 Metaspace       used 123924K, committed 125184K, reserved 1163264K
  class space    used 16993K, committed 17600K, reserved 1048576K
}
Event: 48.830 GC heap before
{Heap before GC invocations=314 (full 0):
 garbage-first heap   total 2097152K, used 1515792K [0x0000000780000000, 0x0000000800000000)
  region size 32768K, 20 young (655360K), 3 survivors (98304K)
 Metaspace       used 124038K, committed 125312K, reserved 1163264K
  class space    used 16995K, committed 17600K, reserved 1048576K
}
Event: 48.850 GC heap after
{Heap after GC invocations=315 (full 0):
 garbage-first heap   total 2097152K, used 958434K [0x0000000780000000, 0x0000000800000000)
  region size 32768K, 2 young (65536K), 2 survivors (65536K)
 Metaspace       used 124038K, committed 125312K, reserved 1163264K
  class space    used 16995K, committed 17600K, reserved 1048576K
}
Event: 49.170 GC heap before
{Heap before GC invocations=315 (full 0):
 garbage-first heap   total 2097152K, used 1548258K [0x0000000780000000, 0x0000000800000000)
  region size 32768K, 20 young (655360K), 2 survivors (65536K)
 Metaspace       used 124159K, committed 125440K, reserved 1163264K
  class space    used 16996K, committed 17600K, reserved 1048576K
}
Event: 49.182 GC heap after
{Heap after GC invocations=316 (full 0):
 garbage-first heap   total 2097152K, used 970357K [0x0000000780000000, 0x0000000800000000)
  region size 32768K, 2 young (65536K), 2 survivors (65536K)
 Metaspace       used 124159K, committed 125440K, reserved 1163264K
  class space    used 16996K, committed 17600K, reserved 1048576K
}
Event: 49.446 GC heap before
{Heap before GC invocations=316 (full 0):
 garbage-first heap   total 2097152K, used 1592949K [0x0000000780000000, 0x0000000800000000)
  region size 32768K, 20 young (655360K), 2 survivors (65536K)
 Metaspace       used 124228K, committed 125504K, reserved 1163264K
  class space    used 16997K, committed 17600K, reserved 1048576K
}
Event: 49.459 GC heap after
{Heap after GC invocations=317 (full 0):
 garbage-first heap   total 2097152K, used 998569K [0x0000000780000000, 0x0000000800000000)
  region size 32768K, 3 young (98304K), 3 survivors (98304K)
 Metaspace       used 124228K, committed 125504K, reserved 1163264K
  class space    used 16997K, committed 17600K, reserved 1048576K
}
Event: 49.619 GC heap before
{Heap before GC invocations=317 (full 0):
 garbage-first heap   total 2097152K, used 1195177K [0x0000000780000000, 0x0000000800000000)
  region size 32768K, 11 young (360448K), 3 survivors (98304K)
 Metaspace       used 124283K, committed 125504K, reserved 1163264K
  class space    used 16997K, committed 17600K, reserved 1048576K
}
Event: 49.633 GC heap after
{Heap after GC invocations=318 (full 0):
 garbage-first heap   total 2097152K, used 956616K [0x0000000780000000, 0x0000000800000000)
  region size 32768K, 2 young (65536K), 2 survivors (65536K)
 Metaspace       used 124283K, committed 125504K, reserved 1163264K
  class space    used 16997K, committed 17600K, reserved 1048576K
}
Event: 49.676 GC heap before
{Heap before GC invocations=318 (full 0):
 garbage-first heap   total 2097152K, used 1022152K [0x0000000780000000, 0x0000000800000000)
  region size 32768K, 5 young (163840K), 2 survivors (65536K)
 Metaspace       used 124298K, committed 125568K, reserved 1163264K
  class space    used 16997K, committed 17600K, reserved 1048576K
}
Event: 49.680 GC heap after
{Heap after GC invocations=319 (full 0):
 garbage-first heap   total 2097152K, used 957601K [0x0000000780000000, 0x0000000800000000)
  region size 32768K, 2 young (65536K), 2 survivors (65536K)
 Metaspace       used 124298K, committed 125568K, reserved 1163264K
  class space    used 16997K, committed 17600K, reserved 1048576K
}
Event: 50.154 GC heap before
{Heap before GC invocations=319 (full 0):
 garbage-first heap   total 2097152K, used 1776801K [0x0000000780000000, 0x0000000800000000)
  region size 32768K, 20 young (655360K), 2 survivors (65536K)
 Metaspace       used 124367K, committed 125632K, reserved 1163264K
  class space    used 16997K, committed 17600K, reserved 1048576K
}
Event: 50.178 GC heap after
{Heap after GC invocations=320 (full 0):
 garbage-first heap   total 2097152K, used 1003286K [0x0000000780000000, 0x0000000800000000)
  region size 32768K, 2 young (65536K), 2 survivors (65536K)
 Metaspace       used 124367K, committed 125632K, reserved 1163264K
  class space    used 16997K, committed 17600K, reserved 1048576K
}

